<?xml version="1.0" encoding="UTF-8"?>
<!-- Generated by org.testng.reporters.JUnitReportReporter -->
<testsuite skipped="0" hostname="DESKTOP-MEFAS45" name="suiteb.TestBB" tests="1" failures="0" timestamp="2021-03-30T15:16:44 IST" time="2.013" errors="0">
  <testcase name="testBB" time="2.013" classname="suiteb.TestBB"/>
  <system-out/>
</testsuite> <!-- suiteb.TestBB -->
