<?xml version="1.0" encoding="UTF-8"?>
<!-- Generated by org.testng.reporters.JUnitReportReporter -->
<testsuite skipped="0" hostname="DESKTOP-MEFAS45" name="suitea.TestA" tests="1" failures="0" timestamp="2021-03-29T13:29:17 IST" time="2.013" errors="0">
  <testcase name="testA" time="2.013" classname="suitea.TestA"/>
  <system-out/>
</testsuite> <!-- suitea.TestA -->
